[debug] [2026-04-28T09:16:09.380Z] ----------------------------------------------------------------------
[debug] [2026-04-28T09:16:09.382Z] Command:       C:\nvm4w\nodejs\node.exe C:\nvm4w\nodejs\node_modules\firebase-tools\lib\bin\firebase.js init
[debug] [2026-04-28T09:16:09.383Z] CLI Version:   15.15.0
[debug] [2026-04-28T09:16:09.383Z] Platform:      win32
[debug] [2026-04-28T09:16:09.383Z] Node Version:  v24.15.0
[debug] [2026-04-28T09:16:09.383Z] Time:          Tue Apr 28 2026 15:16:09 GMT+0600 (Bangladesh Standard Time)
[debug] [2026-04-28T09:16:09.383Z] ----------------------------------------------------------------------
[debug] 
[info] 
     ######## #### ########  ######## ########     ###     ######  ########
     ##        ##  ##     ## ##       ##     ##  ##   ##  ##       ##
     ######    ##  ########  ######   ########  #########  ######  ######
     ##        ##  ##    ##  ##       ##     ## ##     ##       ## ##
     ##       #### ##     ## ######## ########  ##     ##  ######  ########

You're about to initialize a Firebase project in this directory:

  C:\Users\user\Desktop\MERN\ph\portfolio

[info] 
=== Project Setup
[info] 
[info] First, let's associate this project directory with a Firebase project.
[info] You can create multiple project aliases by running firebase use --add, 
[info] 
[debug] [2026-04-28T09:16:22.185Z] > command requires scopes: ["email","openid","https://www.googleapis.com/auth/cloudplatformprojects.readonly","https://www.googleapis.com/auth/firebase","https://www.googleapis.com/auth/cloud-platform"]
[debug] [2026-04-28T09:16:22.185Z] > authorizing via signed-in user (ajrabbyk72@gmail.com)
[debug] [2026-04-28T09:16:22.186Z] Checked if tokens are valid: true, expires at: 1777371261520
[debug] [2026-04-28T09:16:22.186Z] Checked if tokens are valid: true, expires at: 1777371261520
[debug] [2026-04-28T09:16:22.188Z] >>> [apiv2][query] GET https://firebase.googleapis.com/v1beta1/projects/portfolio-taks [none]
[debug] [2026-04-28T09:16:22.695Z] <<< [apiv2][status] GET https://firebase.googleapis.com/v1beta1/projects/portfolio-taks 200
[debug] [2026-04-28T09:16:22.695Z] <<< [apiv2][body] GET https://firebase.googleapis.com/v1beta1/projects/portfolio-taks {"projectId":"portfolio-taks","projectNumber":"231675323294","displayName":"portfolio-taks","name":"projects/portfolio-taks","resources":{"hostingSite":"portfolio-taks"},"state":"ACTIVE","etag":"1_33f9061e-5b65-4e3d-a592-d05a9a9a984b"}
[info] i  Using project portfolio-taks (portfolio-taks) . 
[info] 
=== Hosting Setup
[info] 
[debug] [2026-04-28T09:16:29.087Z] Checked if tokens are valid: true, expires at: 1777371261520
[debug] [2026-04-28T09:16:29.087Z] Checked if tokens are valid: true, expires at: 1777371261520
[debug] [2026-04-28T09:16:29.087Z] >>> [apiv2][query] GET https://firebase.googleapis.com/v1beta1/projects/portfolio-taks [none]
[debug] [2026-04-28T09:16:29.535Z] <<< [apiv2][status] GET https://firebase.googleapis.com/v1beta1/projects/portfolio-taks 200
[debug] [2026-04-28T09:16:29.535Z] <<< [apiv2][body] GET https://firebase.googleapis.com/v1beta1/projects/portfolio-taks {"projectId":"portfolio-taks","projectNumber":"231675323294","displayName":"portfolio-taks","name":"projects/portfolio-taks","resources":{"hostingSite":"portfolio-taks"},"state":"ACTIVE","etag":"1_33f9061e-5b65-4e3d-a592-d05a9a9a984b"}
[info] 
[info] Your public directory is the folder (relative to your project directory) that
[info] will contain Hosting assets to be uploaded with firebase deploy. If you
[info] have a build process for your assets, use your build's output directory.
[info] 
[debug] [2026-04-28T09:24:00.277Z] ExitPromptError: User force closed the prompt with SIGINT
    at Interface.sigint (C:\Users\user\AppData\Local\nvm\v24.15.0\node_modules\firebase-tools\node_modules\@inquirer\core\dist\commonjs\lib\create-prompt.js:101:37)
    at Interface.emit (node:events:509:28)
    at [_ttyWrite] [as _ttyWrite] (node:internal/readline/interface:1327:18)
    at ReadStream.onkeypress (node:internal/readline/interface:284:20)
    at ReadStream.emit (node:events:521:24)
    at emitKeys (node:internal/readline/utils:371:14)
    at emitKeys.next (<anonymous>)
    at ReadStream.onData (node:internal/readline/emitKeypressEvents:64:36)
    at ReadStream.emit (node:events:509:28)
    at addChunk (node:internal/streams/readable:563:12)
[error] 
[error] Error: An unexpected error has occurred.
